2014/12/03 21:10:09 [error] [exception.CException] exception 'CException' with message 'Property "CUrlManager.urkSufix" is not defined.' in C:\wamp\www\yii\framework\base\CComponent.php:173
Stack trace:
#0 C:\wamp\www\yii\framework\YiiBase.php(220): CComponent->__set('urkSufix', '.html')
#1 C:\wamp\www\yii\framework\base\CModule.php(386): YiiBase::createComponent(Array)
#2 C:\wamp\www\yii\framework\base\CApplication.php(522): CModule->getComponent('urlManager')
#3 C:\wamp\www\yii\framework\web\CWebApplication.php(140): CApplication->getUrlManager()
#4 C:\wamp\www\yii\framework\base\CApplication.php(180): CWebApplication->processRequest()
#5 C:\wamp\www\yii\miproyecto\index.php(13): CApplication->run()
#6 {main}
REQUEST_URI=/yii/miproyecto/site/index
HTTP_REFERER=http://localhost:8080/yii/miproyecto/site/login
---
2014/12/03 22:26:45 [error] [exception.CDbException] exception 'CDbException' with message 'CDbConnection failed to open the DB connection: SQLSTATE[HY000] [1049] Unknown database 'miproyecto'' in C:\wamp\www\yii\framework\db\CDbConnection.php:382
Stack trace:
#0 C:\wamp\www\yii\framework\db\CDbConnection.php(330): CDbConnection->open()
#1 C:\wamp\www\yii\framework\db\CDbConnection.php(308): CDbConnection->setActive(true)
#2 C:\wamp\www\yii\framework\base\CModule.php(387): CDbConnection->init()
#3 C:\wamp\www\yii\framework\base\CApplication.php(450): CModule->getComponent('db')
#4 C:\wamp\www\yii\framework\db\ar\CActiveRecord.php(634): CApplication->getDb()
#5 C:\wamp\www\yii\framework\db\ar\CActiveRecord.php(667): CActiveRecord->getDbConnection()
#6 C:\wamp\www\yii\framework\db\ar\CActiveRecord.php(1469): CActiveRecord->getCommandBuilder()
#7 C:\wamp\www\yii\miproyecto\protected\controllers\HolaController.php(7): CActiveRecord->findAll()
#8 C:\wamp\www\yii\framework\web\actions\CInlineAction.php(49): HolaController->actionIndex()
#9 C:\wamp\www\yii\framework\web\CController.php(308): CInlineAction->runWithParams(Array)
#10 C:\wamp\www\yii\framework\web\CController.php(286): CController->runAction(Object(CInlineAction))
#11 C:\wamp\www\yii\framework\web\CController.php(265): CController->runActionWithFilters(Object(CInlineAction), Array)
#12 C:\wamp\www\yii\framework\web\CWebApplication.php(282): CController->run('index')
#13 C:\wamp\www\yii\framework\web\CWebApplication.php(141): CWebApplication->runController('hola/index')
#14 C:\wamp\www\yii\framework\base\CApplication.php(180): CWebApplication->processRequest()
#15 C:\wamp\www\yii\miproyecto\index.php(13): CApplication->run()
#16 {main}
REQUEST_URI=/yii/miproyecto/hola/index
---
2014/12/03 22:27:10 [error] [php] Undefined variable: model (C:\wamp\www\yii\miproyecto\protected\views\hola\index.php:2)
Stack trace:
#0 C:\wamp\www\yii\framework\web\CController.php(869): HolaController->renderFile()
#1 C:\wamp\www\yii\framework\web\CController.php(782): HolaController->renderPartial()
#2 C:\wamp\www\yii\miproyecto\protected\controllers\HolaController.php(9): HolaController->render()
#3 C:\wamp\www\yii\framework\web\actions\CInlineAction.php(49): HolaController->actionIndex()
#4 C:\wamp\www\yii\framework\web\CController.php(308): CInlineAction->runWithParams()
#5 C:\wamp\www\yii\framework\web\CController.php(286): HolaController->runAction()
#6 C:\wamp\www\yii\framework\web\CController.php(265): HolaController->runActionWithFilters()
#7 C:\wamp\www\yii\framework\web\CWebApplication.php(282): HolaController->run()
#8 C:\wamp\www\yii\framework\web\CWebApplication.php(141): CWebApplication->runController()
#9 C:\wamp\www\yii\framework\base\CApplication.php(180): CWebApplication->processRequest()
#10 C:\wamp\www\yii\miproyecto\index.php(13): CWebApplication->run()
REQUEST_URI=/yii/miproyecto/hola/index
in C:\wamp\www\yii\miproyecto\protected\views\hola\index.php (2)
in C:\wamp\www\yii\miproyecto\protected\controllers\HolaController.php (9)
in C:\wamp\www\yii\miproyecto\index.php (13)
2014/12/03 22:27:59 [error] [php] Undefined variable: model (C:\wamp\www\yii\miproyecto\protected\views\hola\index.php:2)
Stack trace:
#0 C:\wamp\www\yii\framework\web\CController.php(869): HolaController->renderFile()
#1 C:\wamp\www\yii\framework\web\CController.php(782): HolaController->renderPartial()
#2 C:\wamp\www\yii\miproyecto\protected\controllers\HolaController.php(9): HolaController->render()
#3 C:\wamp\www\yii\framework\web\actions\CInlineAction.php(49): HolaController->actionIndex()
#4 C:\wamp\www\yii\framework\web\CController.php(308): CInlineAction->runWithParams()
#5 C:\wamp\www\yii\framework\web\CController.php(286): HolaController->runAction()
#6 C:\wamp\www\yii\framework\web\CController.php(265): HolaController->runActionWithFilters()
#7 C:\wamp\www\yii\framework\web\CWebApplication.php(282): HolaController->run()
#8 C:\wamp\www\yii\framework\web\CWebApplication.php(141): CWebApplication->runController()
#9 C:\wamp\www\yii\framework\base\CApplication.php(180): CWebApplication->processRequest()
#10 C:\wamp\www\yii\miproyecto\index.php(13): CWebApplication->run()
REQUEST_URI=/yii/miproyecto/hola/index
in C:\wamp\www\yii\miproyecto\protected\views\hola\index.php (2)
in C:\wamp\www\yii\miproyecto\protected\controllers\HolaController.php (9)
in C:\wamp\www\yii\miproyecto\index.php (13)
2014/12/10 20:25:05 [error] [exception.CException] exception 'CException' with message 'Property "Personals.personal" is not defined.' in C:\wamp\www\yii\framework\base\CComponent.php:130
Stack trace:
#0 C:\wamp\www\yii\framework\db\ar\CActiveRecord.php(145): CComponent->__get('personal')
#1 C:\wamp\www\yii\miproyecto\protected\views\personal\index.php(3): CActiveRecord->__get('personal')
#2 C:\wamp\www\yii\framework\web\CBaseController.php(126): require('C:\\wamp\\www\\yii...')
#3 C:\wamp\www\yii\framework\web\CBaseController.php(95): CBaseController->renderInternal('C:\\wamp\\www\\yii...', Array, true)
#4 C:\wamp\www\yii\framework\web\CController.php(869): CBaseController->renderFile('C:\\wamp\\www\\yii...', Array, true)
#5 C:\wamp\www\yii\framework\web\CController.php(782): CController->renderPartial('Index', Array, true)
#6 C:\wamp\www\yii\miproyecto\protected\controllers\PersonalController.php(8): CController->render('Index', Array)
#7 C:\wamp\www\yii\framework\web\actions\CInlineAction.php(49): PersonalController->actionIndex()
#8 C:\wamp\www\yii\framework\web\CController.php(308): CInlineAction->runWithParams(Array)
#9 C:\wamp\www\yii\framework\web\CController.php(286): CController->runAction(Object(CInlineAction))
#10 C:\wamp\www\yii\framework\web\CController.php(265): CController->runActionWithFilters(Object(CInlineAction), Array)
#11 C:\wamp\www\yii\framework\web\CWebApplication.php(282): CController->run('index')
#12 C:\wamp\www\yii\framework\web\CWebApplication.php(141): CWebApplication->runController('personal/index')
#13 C:\wamp\www\yii\framework\base\CApplication.php(180): CWebApplication->processRequest()
#14 C:\wamp\www\yii\miproyecto\index.php(13): CApplication->run()
#15 {main}
REQUEST_URI=/yii/miproyecto/personal/index
---
2014/12/10 20:43:55 [error] [php] Undefined variable: mensaje (C:\wamp\www\yii\miproyecto\protected\views\personal\index.php:1)
Stack trace:
#0 C:\wamp\www\yii\framework\web\CController.php(869): PersonalController->renderFile()
#1 C:\wamp\www\yii\framework\web\CController.php(782): PersonalController->renderPartial()
#2 C:\wamp\www\yii\miproyecto\protected\controllers\PersonalController.php(8): PersonalController->render()
#3 C:\wamp\www\yii\framework\web\actions\CInlineAction.php(49): PersonalController->actionIndex()
#4 C:\wamp\www\yii\framework\web\CController.php(308): CInlineAction->runWithParams()
#5 C:\wamp\www\yii\framework\web\CController.php(286): PersonalController->runAction()
#6 C:\wamp\www\yii\framework\web\CController.php(265): PersonalController->runActionWithFilters()
#7 C:\wamp\www\yii\framework\web\CWebApplication.php(282): PersonalController->run()
#8 C:\wamp\www\yii\framework\web\CWebApplication.php(141): CWebApplication->runController()
#9 C:\wamp\www\yii\framework\base\CApplication.php(180): CWebApplication->processRequest()
#10 C:\wamp\www\yii\miproyecto\index.php(13): CWebApplication->run()
REQUEST_URI=/yii/miproyecto/personal/index
in C:\wamp\www\yii\miproyecto\protected\views\personal\index.php (1)
in C:\wamp\www\yii\miproyecto\protected\controllers\PersonalController.php (8)
in C:\wamp\www\yii\miproyecto\index.php (13)
2014/12/10 21:05:00 [error] [exception.CException] exception 'CException' with message 'The attribute must be specified in the format of "Name:Type:Label", where "Type" and "Label" are optional.' in C:\wamp\www\yii\framework\zii\widgets\CDetailView.php:183
Stack trace:
#0 C:\wamp\www\yii\framework\web\CBaseController.php(173): CDetailView->run()
#1 C:\wamp\www\yii\miproyecto\protected\views\personals\view.php(42): CBaseController->widget('zii.widgets.CDe...', Array)
#2 C:\wamp\www\yii\framework\web\CBaseController.php(126): require('C:\\wamp\\www\\yii...')
#3 C:\wamp\www\yii\framework\web\CBaseController.php(95): CBaseController->renderInternal('C:\\wamp\\www\\yii...', Array, true)
#4 C:\wamp\www\yii\framework\web\CController.php(869): CBaseController->renderFile('C:\\wamp\\www\\yii...', Array, true)
#5 C:\wamp\www\yii\framework\web\CController.php(782): CController->renderPartial('view', Array, true)
#6 C:\wamp\www\yii\miproyecto\protected\controllers\PersonalsController.php(56): CController->render('view', Array)
#7 [internal function]: PersonalsController->actionView('10')
#8 C:\wamp\www\yii\framework\web\actions\CAction.php(108): ReflectionMethod->invokeArgs(Object(PersonalsController), Array)
#9 C:\wamp\www\yii\framework\web\actions\CInlineAction.php(47): CAction->runWithParamsInternal(Object(PersonalsController), Object(ReflectionMethod), Array)
#10 C:\wamp\www\yii\framework\web\CController.php(308): CInlineAction->runWithParams(Array)
#11 C:\wamp\www\yii\framework\web\filters\CFilterChain.php(133): CController->runAction(Object(CInlineAction))
#12 C:\wamp\www\yii\framework\web\filters\CFilter.php(40): CFilterChain->run()
#13 C:\wamp\www\yii\framework\web\CController.php(1145): CFilter->filter(Object(CFilterChain))
#14 C:\wamp\www\yii\framework\web\filters\CInlineFilter.php(58): CController->filterAccessControl(Object(CFilterChain))
#15 C:\wamp\www\yii\framework\web\filters\CFilterChain.php(130): CInlineFilter->filter(Object(CFilterChain))
#16 C:\wamp\www\yii\framework\web\CController.php(291): CFilterChain->run()
#17 C:\wamp\www\yii\framework\web\CController.php(265): CController->runActionWithFilters(Object(CInlineAction), Array)
#18 C:\wamp\www\yii\framework\web\CWebApplication.php(282): CController->run('view')
#19 C:\wamp\www\yii\framework\web\CWebApplication.php(141): CWebApplication->runController('personals/view')
#20 C:\wamp\www\yii\framework\base\CApplication.php(180): CWebApplication->processRequest()
#21 C:\wamp\www\yii\miproyecto\index.php(13): CApplication->run()
#22 {main}
REQUEST_URI=/yii/miproyecto/personals/10.html
HTTP_REFERER=http://localhost:8080/yii/miproyecto/personals/admin.html
---
2014/12/10 21:06:17 [error] [exception.CException] exception 'CException' with message 'The attribute must be specified in the format of "Name:Type:Label", where "Type" and "Label" are optional.' in C:\wamp\www\yii\framework\zii\widgets\CDetailView.php:183
Stack trace:
#0 C:\wamp\www\yii\framework\web\CBaseController.php(173): CDetailView->run()
#1 C:\wamp\www\yii\miproyecto\protected\views\personals\view.php(42): CBaseController->widget('zii.widgets.CDe...', Array)
#2 C:\wamp\www\yii\framework\web\CBaseController.php(126): require('C:\\wamp\\www\\yii...')
#3 C:\wamp\www\yii\framework\web\CBaseController.php(95): CBaseController->renderInternal('C:\\wamp\\www\\yii...', Array, true)
#4 C:\wamp\www\yii\framework\web\CController.php(869): CBaseController->renderFile('C:\\wamp\\www\\yii...', Array, true)
#5 C:\wamp\www\yii\framework\web\CController.php(782): CController->renderPartial('view', Array, true)
#6 C:\wamp\www\yii\miproyecto\protected\controllers\PersonalsController.php(56): CController->render('view', Array)
#7 [internal function]: PersonalsController->actionView('2')
#8 C:\wamp\www\yii\framework\web\actions\CAction.php(108): ReflectionMethod->invokeArgs(Object(PersonalsController), Array)
#9 C:\wamp\www\yii\framework\web\actions\CInlineAction.php(47): CAction->runWithParamsInternal(Object(PersonalsController), Object(ReflectionMethod), Array)
#10 C:\wamp\www\yii\framework\web\CController.php(308): CInlineAction->runWithParams(Array)
#11 C:\wamp\www\yii\framework\web\filters\CFilterChain.php(133): CController->runAction(Object(CInlineAction))
#12 C:\wamp\www\yii\framework\web\filters\CFilter.php(40): CFilterChain->run()
#13 C:\wamp\www\yii\framework\web\CController.php(1145): CFilter->filter(Object(CFilterChain))
#14 C:\wamp\www\yii\framework\web\filters\CInlineFilter.php(58): CController->filterAccessControl(Object(CFilterChain))
#15 C:\wamp\www\yii\framework\web\filters\CFilterChain.php(130): CInlineFilter->filter(Object(CFilterChain))
#16 C:\wamp\www\yii\framework\web\CController.php(291): CFilterChain->run()
#17 C:\wamp\www\yii\framework\web\CController.php(265): CController->runActionWithFilters(Object(CInlineAction), Array)
#18 C:\wamp\www\yii\framework\web\CWebApplication.php(282): CController->run('view')
#19 C:\wamp\www\yii\framework\web\CWebApplication.php(141): CWebApplication->runController('personals/view')
#20 C:\wamp\www\yii\framework\base\CApplication.php(180): CWebApplication->processRequest()
#21 C:\wamp\www\yii\miproyecto\index.php(13): CApplication->run()
#22 {main}
REQUEST_URI=/yii/miproyecto/personals/2.html
HTTP_REFERER=http://localhost:8080/yii/miproyecto/personals/admin.html
---
2014/12/10 22:51:26 [error] [exception.CException] exception 'CException' with message 'The attribute must be specified in the format of "Name:Type:Label", where "Type" and "Label" are optional.' in C:\wamp\www\yii\framework\zii\widgets\CDetailView.php:183
Stack trace:
#0 C:\wamp\www\yii\framework\web\CBaseController.php(173): CDetailView->run()
#1 C:\wamp\www\yii\miproyecto\protected\views\personals\view.php(42): CBaseController->widget('zii.widgets.CDe...', Array)
#2 C:\wamp\www\yii\framework\web\CBaseController.php(126): require('C:\\wamp\\www\\yii...')
#3 C:\wamp\www\yii\framework\web\CBaseController.php(95): CBaseController->renderInternal('C:\\wamp\\www\\yii...', Array, true)
#4 C:\wamp\www\yii\framework\web\CController.php(869): CBaseController->renderFile('C:\\wamp\\www\\yii...', Array, true)
#5 C:\wamp\www\yii\framework\web\CController.php(782): CController->renderPartial('view', Array, true)
#6 C:\wamp\www\yii\miproyecto\protected\controllers\PersonalsController.php(56): CController->render('view', Array)
#7 [internal function]: PersonalsController->actionView('1')
#8 C:\wamp\www\yii\framework\web\actions\CAction.php(108): ReflectionMethod->invokeArgs(Object(PersonalsController), Array)
#9 C:\wamp\www\yii\framework\web\actions\CInlineAction.php(47): CAction->runWithParamsInternal(Object(PersonalsController), Object(ReflectionMethod), Array)
#10 C:\wamp\www\yii\framework\web\CController.php(308): CInlineAction->runWithParams(Array)
#11 C:\wamp\www\yii\framework\web\filters\CFilterChain.php(133): CController->runAction(Object(CInlineAction))
#12 C:\wamp\www\yii\framework\web\filters\CFilter.php(40): CFilterChain->run()
#13 C:\wamp\www\yii\framework\web\CController.php(1145): CFilter->filter(Object(CFilterChain))
#14 C:\wamp\www\yii\framework\web\filters\CInlineFilter.php(58): CController->filterAccessControl(Object(CFilterChain))
#15 C:\wamp\www\yii\framework\web\filters\CFilterChain.php(130): CInlineFilter->filter(Object(CFilterChain))
#16 C:\wamp\www\yii\framework\web\CController.php(291): CFilterChain->run()
#17 C:\wamp\www\yii\framework\web\CController.php(265): CController->runActionWithFilters(Object(CInlineAction), Array)
#18 C:\wamp\www\yii\framework\web\CWebApplication.php(282): CController->run('view')
#19 C:\wamp\www\yii\framework\web\CWebApplication.php(141): CWebApplication->runController('personals/view')
#20 C:\wamp\www\yii\framework\base\CApplication.php(180): CWebApplication->processRequest()
#21 C:\wamp\www\yii\miproyecto\index.php(13): CApplication->run()
#22 {main}
REQUEST_URI=/yii/miproyecto/personals/1.html
HTTP_REFERER=http://localhost:8080/yii/miproyecto/personals.html
---
2014/12/10 22:52:50 [error] [exception.CException] exception 'CException' with message 'The attribute must be specified in the format of "Name:Type:Label", where "Type" and "Label" are optional.' in C:\wamp\www\yii\framework\zii\widgets\CDetailView.php:183
Stack trace:
#0 C:\wamp\www\yii\framework\web\CBaseController.php(173): CDetailView->run()
#1 C:\wamp\www\yii\miproyecto\protected\views\personals\view.php(42): CBaseController->widget('zii.widgets.CDe...', Array)
#2 C:\wamp\www\yii\framework\web\CBaseController.php(126): require('C:\\wamp\\www\\yii...')
#3 C:\wamp\www\yii\framework\web\CBaseController.php(95): CBaseController->renderInternal('C:\\wamp\\www\\yii...', Array, true)
#4 C:\wamp\www\yii\framework\web\CController.php(869): CBaseController->renderFile('C:\\wamp\\www\\yii...', Array, true)
#5 C:\wamp\www\yii\framework\web\CController.php(782): CController->renderPartial('view', Array, true)
#6 C:\wamp\www\yii\miproyecto\protected\controllers\PersonalsController.php(56): CController->render('view', Array)
#7 [internal function]: PersonalsController->actionView('10')
#8 C:\wamp\www\yii\framework\web\actions\CAction.php(108): ReflectionMethod->invokeArgs(Object(PersonalsController), Array)
#9 C:\wamp\www\yii\framework\web\actions\CInlineAction.php(47): CAction->runWithParamsInternal(Object(PersonalsController), Object(ReflectionMethod), Array)
#10 C:\wamp\www\yii\framework\web\CController.php(308): CInlineAction->runWithParams(Array)
#11 C:\wamp\www\yii\framework\web\filters\CFilterChain.php(133): CController->runAction(Object(CInlineAction))
#12 C:\wamp\www\yii\framework\web\filters\CFilter.php(40): CFilterChain->run()
#13 C:\wamp\www\yii\framework\web\CController.php(1145): CFilter->filter(Object(CFilterChain))
#14 C:\wamp\www\yii\framework\web\filters\CInlineFilter.php(58): CController->filterAccessControl(Object(CFilterChain))
#15 C:\wamp\www\yii\framework\web\filters\CFilterChain.php(130): CInlineFilter->filter(Object(CFilterChain))
#16 C:\wamp\www\yii\framework\web\CController.php(291): CFilterChain->run()
#17 C:\wamp\www\yii\framework\web\CController.php(265): CController->runActionWithFilters(Object(CInlineAction), Array)
#18 C:\wamp\www\yii\framework\web\CWebApplication.php(282): CController->run('view')
#19 C:\wamp\www\yii\framework\web\CWebApplication.php(141): CWebApplication->runController('personals/view')
#20 C:\wamp\www\yii\framework\base\CApplication.php(180): CWebApplication->processRequest()
#21 C:\wamp\www\yii\miproyecto\index.php(13): CApplication->run()
#22 {main}
REQUEST_URI=/yii/miproyecto/personals/10.html
HTTP_REFERER=http://localhost:8080/yii/miproyecto/personals/admin.html
---
2014/12/10 22:54:04 [error] [exception.CException] exception 'CException' with message 'The attribute must be specified in the format of "Name:Type:Label", where "Type" and "Label" are optional.' in C:\wamp\www\yii\framework\zii\widgets\CDetailView.php:183
Stack trace:
#0 C:\wamp\www\yii\framework\web\CBaseController.php(173): CDetailView->run()
#1 C:\wamp\www\yii\miproyecto\protected\views\personals\view.php(42): CBaseController->widget('zii.widgets.CDe...', Array)
#2 C:\wamp\www\yii\framework\web\CBaseController.php(126): require('C:\\wamp\\www\\yii...')
#3 C:\wamp\www\yii\framework\web\CBaseController.php(95): CBaseController->renderInternal('C:\\wamp\\www\\yii...', Array, true)
#4 C:\wamp\www\yii\framework\web\CController.php(869): CBaseController->renderFile('C:\\wamp\\www\\yii...', Array, true)
#5 C:\wamp\www\yii\framework\web\CController.php(782): CController->renderPartial('view', Array, true)
#6 C:\wamp\www\yii\miproyecto\protected\controllers\PersonalsController.php(56): CController->render('view', Array)
#7 [internal function]: PersonalsController->actionView('1')
#8 C:\wamp\www\yii\framework\web\actions\CAction.php(108): ReflectionMethod->invokeArgs(Object(PersonalsController), Array)
#9 C:\wamp\www\yii\framework\web\actions\CInlineAction.php(47): CAction->runWithParamsInternal(Object(PersonalsController), Object(ReflectionMethod), Array)
#10 C:\wamp\www\yii\framework\web\CController.php(308): CInlineAction->runWithParams(Array)
#11 C:\wamp\www\yii\framework\web\filters\CFilterChain.php(133): CController->runAction(Object(CInlineAction))
#12 C:\wamp\www\yii\framework\web\filters\CFilter.php(40): CFilterChain->run()
#13 C:\wamp\www\yii\framework\web\CController.php(1145): CFilter->filter(Object(CFilterChain))
#14 C:\wamp\www\yii\framework\web\filters\CInlineFilter.php(58): CController->filterAccessControl(Object(CFilterChain))
#15 C:\wamp\www\yii\framework\web\filters\CFilterChain.php(130): CInlineFilter->filter(Object(CFilterChain))
#16 C:\wamp\www\yii\framework\web\CController.php(291): CFilterChain->run()
#17 C:\wamp\www\yii\framework\web\CController.php(265): CController->runActionWithFilters(Object(CInlineAction), Array)
#18 C:\wamp\www\yii\framework\web\CWebApplication.php(282): CController->run('view')
#19 C:\wamp\www\yii\framework\web\CWebApplication.php(141): CWebApplication->runController('personals/view')
#20 C:\wamp\www\yii\framework\base\CApplication.php(180): CWebApplication->processRequest()
#21 C:\wamp\www\yii\miproyecto\index.php(13): CApplication->run()
#22 {main}
REQUEST_URI=/yii/miproyecto/personals/1.html
HTTP_REFERER=http://localhost:8080/yii/miproyecto/personals/admin.html
---
2014/12/10 22:55:54 [error] [exception.CException] exception 'CException' with message 'The attribute must be specified in the format of "Name:Type:Label", where "Type" and "Label" are optional.' in C:\wamp\www\yii\framework\zii\widgets\CDetailView.php:183
Stack trace:
#0 C:\wamp\www\yii\framework\web\CBaseController.php(173): CDetailView->run()
#1 C:\wamp\www\yii\miproyecto\protected\views\personals\view.php(42): CBaseController->widget('zii.widgets.CDe...', Array)
#2 C:\wamp\www\yii\framework\web\CBaseController.php(126): require('C:\\wamp\\www\\yii...')
#3 C:\wamp\www\yii\framework\web\CBaseController.php(95): CBaseController->renderInternal('C:\\wamp\\www\\yii...', Array, true)
#4 C:\wamp\www\yii\framework\web\CController.php(869): CBaseController->renderFile('C:\\wamp\\www\\yii...', Array, true)
#5 C:\wamp\www\yii\framework\web\CController.php(782): CController->renderPartial('view', Array, true)
#6 C:\wamp\www\yii\miproyecto\protected\controllers\PersonalsController.php(56): CController->render('view', Array)
#7 [internal function]: PersonalsController->actionView('1')
#8 C:\wamp\www\yii\framework\web\actions\CAction.php(108): ReflectionMethod->invokeArgs(Object(PersonalsController), Array)
#9 C:\wamp\www\yii\framework\web\actions\CInlineAction.php(47): CAction->runWithParamsInternal(Object(PersonalsController), Object(ReflectionMethod), Array)
#10 C:\wamp\www\yii\framework\web\CController.php(308): CInlineAction->runWithParams(Array)
#11 C:\wamp\www\yii\framework\web\filters\CFilterChain.php(133): CController->runAction(Object(CInlineAction))
#12 C:\wamp\www\yii\framework\web\filters\CFilter.php(40): CFilterChain->run()
#13 C:\wamp\www\yii\framework\web\CController.php(1145): CFilter->filter(Object(CFilterChain))
#14 C:\wamp\www\yii\framework\web\filters\CInlineFilter.php(58): CController->filterAccessControl(Object(CFilterChain))
#15 C:\wamp\www\yii\framework\web\filters\CFilterChain.php(130): CInlineFilter->filter(Object(CFilterChain))
#16 C:\wamp\www\yii\framework\web\CController.php(291): CFilterChain->run()
#17 C:\wamp\www\yii\framework\web\CController.php(265): CController->runActionWithFilters(Object(CInlineAction), Array)
#18 C:\wamp\www\yii\framework\web\CWebApplication.php(282): CController->run('view')
#19 C:\wamp\www\yii\framework\web\CWebApplication.php(141): CWebApplication->runController('personals/view')
#20 C:\wamp\www\yii\framework\base\CApplication.php(180): CWebApplication->processRequest()
#21 C:\wamp\www\yii\miproyecto\index.php(13): CApplication->run()
#22 {main}
REQUEST_URI=/yii/miproyecto/personals/1.html
HTTP_REFERER=http://localhost:8080/yii/miproyecto/personals/admin.html
---
2014/12/10 23:12:29 [error] [exception.CHttpException.404] exception 'CHttpException' with message 'Unable to resolve the request "personal/index".' in C:\wamp\www\yii\framework\web\CWebApplication.php:286
Stack trace:
#0 C:\wamp\www\yii\framework\web\CWebApplication.php(141): CWebApplication->runController('personal/index')
#1 C:\wamp\www\yii\framework\base\CApplication.php(180): CWebApplication->processRequest()
#2 C:\wamp\www\yii\miproyecto\index.php(13): CApplication->run()
#3 {main}
REQUEST_URI=/yii/miproyecto/personal/index
---
2014/12/11 00:29:14 [error] [exception.CHttpException.400] exception 'CHttpException' with message 'Your request is invalid.' in C:\wamp\www\yii\framework\web\CController.php:336
Stack trace:
#0 C:\wamp\www\yii\framework\web\CController.php(309): CController->invalidActionParams(Object(CInlineAction))
#1 C:\wamp\www\yii\framework\web\filters\CFilterChain.php(133): CController->runAction(Object(CInlineAction))
#2 C:\wamp\www\yii\framework\web\filters\CFilter.php(40): CFilterChain->run()
#3 C:\wamp\www\yii\framework\web\CController.php(1145): CFilter->filter(Object(CFilterChain))
#4 C:\wamp\www\yii\framework\web\filters\CInlineFilter.php(58): CController->filterAccessControl(Object(CFilterChain))
#5 C:\wamp\www\yii\framework\web\filters\CFilterChain.php(130): CInlineFilter->filter(Object(CFilterChain))
#6 C:\wamp\www\yii\framework\web\CController.php(291): CFilterChain->run()
#7 C:\wamp\www\yii\framework\web\CController.php(265): CController->runActionWithFilters(Object(CInlineAction), Array)
#8 C:\wamp\www\yii\framework\web\CWebApplication.php(282): CController->run('view')
#9 C:\wamp\www\yii\framework\web\CWebApplication.php(141): CWebApplication->runController('personals/view')
#10 C:\wamp\www\yii\framework\base\CApplication.php(180): CWebApplication->processRequest()
#11 C:\wamp\www\yii\miproyecto\index.php(13): CApplication->run()
#12 {main}
REQUEST_URI=/yii/miproyecto/personals/view.html?rut=10.412.473-9
HTTP_REFERER=http://localhost:8080/yii/miproyecto/personals/index
---
2014/12/11 00:30:27 [error] [exception.CHttpException.400] exception 'CHttpException' with message 'Your request is invalid.' in C:\wamp\www\yii\framework\web\CController.php:336
Stack trace:
#0 C:\wamp\www\yii\framework\web\CController.php(309): CController->invalidActionParams(Object(CInlineAction))
#1 C:\wamp\www\yii\framework\web\filters\CFilterChain.php(133): CController->runAction(Object(CInlineAction))
#2 C:\wamp\www\yii\framework\web\filters\CFilter.php(40): CFilterChain->run()
#3 C:\wamp\www\yii\framework\web\CController.php(1145): CFilter->filter(Object(CFilterChain))
#4 C:\wamp\www\yii\framework\web\filters\CInlineFilter.php(58): CController->filterAccessControl(Object(CFilterChain))
#5 C:\wamp\www\yii\framework\web\filters\CFilterChain.php(130): CInlineFilter->filter(Object(CFilterChain))
#6 C:\wamp\www\yii\framework\web\CController.php(291): CFilterChain->run()
#7 C:\wamp\www\yii\framework\web\CController.php(265): CController->runActionWithFilters(Object(CInlineAction), Array)
#8 C:\wamp\www\yii\framework\web\CWebApplication.php(282): CController->run('view')
#9 C:\wamp\www\yii\framework\web\CWebApplication.php(141): CWebApplication->runController('personals/view')
#10 C:\wamp\www\yii\framework\base\CApplication.php(180): CWebApplication->processRequest()
#11 C:\wamp\www\yii\miproyecto\index.php(13): CApplication->run()
#12 {main}
REQUEST_URI=/yii/miproyecto/personals/view.html?rut=10.412.473-9
HTTP_REFERER=http://localhost:8080/yii/miproyecto/personals/index
---
2014/12/11 00:30:30 [error] [exception.CHttpException.400] exception 'CHttpException' with message 'Your request is invalid.' in C:\wamp\www\yii\framework\web\CController.php:336
Stack trace:
#0 C:\wamp\www\yii\framework\web\CController.php(309): CController->invalidActionParams(Object(CInlineAction))
#1 C:\wamp\www\yii\framework\web\filters\CFilterChain.php(133): CController->runAction(Object(CInlineAction))
#2 C:\wamp\www\yii\framework\web\filters\CFilter.php(40): CFilterChain->run()
#3 C:\wamp\www\yii\framework\web\CController.php(1145): CFilter->filter(Object(CFilterChain))
#4 C:\wamp\www\yii\framework\web\filters\CInlineFilter.php(58): CController->filterAccessControl(Object(CFilterChain))
#5 C:\wamp\www\yii\framework\web\filters\CFilterChain.php(130): CInlineFilter->filter(Object(CFilterChain))
#6 C:\wamp\www\yii\framework\web\CController.php(291): CFilterChain->run()
#7 C:\wamp\www\yii\framework\web\CController.php(265): CController->runActionWithFilters(Object(CInlineAction), Array)
#8 C:\wamp\www\yii\framework\web\CWebApplication.php(282): CController->run('view')
#9 C:\wamp\www\yii\framework\web\CWebApplication.php(141): CWebApplication->runController('personals/view')
#10 C:\wamp\www\yii\framework\base\CApplication.php(180): CWebApplication->processRequest()
#11 C:\wamp\www\yii\miproyecto\index.php(13): CApplication->run()
#12 {main}
REQUEST_URI=/yii/miproyecto/personals/view.html?rut=13.801.531-9
HTTP_REFERER=http://localhost:8080/yii/miproyecto/personals/index
---
2014/12/11 14:07:04 [error] [php] Undefined variable: model (C:\wamp\www\yii\miproyecto\themes\classic\views\site\index.php:43)
Stack trace:
#0 C:\wamp\www\yii\framework\web\CController.php(869): SiteController->renderFile()
#1 C:\wamp\www\yii\framework\web\CController.php(782): SiteController->renderPartial()
#2 C:\wamp\www\yii\miproyecto\protected\controllers\SiteController.php(32): SiteController->render()
#3 C:\wamp\www\yii\framework\web\actions\CInlineAction.php(49): SiteController->actionIndex()
#4 C:\wamp\www\yii\framework\web\CController.php(308): CInlineAction->runWithParams()
#5 C:\wamp\www\yii\framework\web\CController.php(286): SiteController->runAction()
#6 C:\wamp\www\yii\framework\web\CController.php(265): SiteController->runActionWithFilters()
#7 C:\wamp\www\yii\framework\web\CWebApplication.php(282): SiteController->run()
#8 C:\wamp\www\yii\framework\web\CWebApplication.php(141): CWebApplication->runController()
#9 C:\wamp\www\yii\framework\base\CApplication.php(180): CWebApplication->processRequest()
#10 C:\wamp\www\yii\miproyecto\index.php(13): CWebApplication->run()
REQUEST_URI=/yii/miproyecto/site/index.html
in C:\wamp\www\yii\miproyecto\themes\classic\views\site\index.php (43)
in C:\wamp\www\yii\miproyecto\protected\controllers\SiteController.php (32)
in C:\wamp\www\yii\miproyecto\index.php (13)
2014/12/11 14:47:33 [error] [php] Undefined variable: pageTitle (C:\wamp\www\yii\miproyecto\themes\classic\views\layouts\main.php:12)
Stack trace:
#0 C:\wamp\www\yii\framework\web\widgets\CContentDecorator.php(76): PersonalsController->renderFile()
#1 C:\wamp\www\yii\framework\web\widgets\CContentDecorator.php(54): CContentDecorator->decorate()
#2 C:\wamp\www\yii\framework\web\widgets\COutputProcessor.php(44): CContentDecorator->processOutput()
#3 C:\wamp\www\yii\framework\web\CBaseController.php(206): CContentDecorator->run()
#4 C:\wamp\www\yii\framework\web\CBaseController.php(300): PersonalsController->endWidget()
#5 C:\wamp\www\yii\miproyecto\protected\views\layouts\column2.php(22): PersonalsController->endContent()
#6 C:\wamp\www\yii\framework\web\CBaseController.php(126): require()
#7 C:\wamp\www\yii\framework\web\CBaseController.php(95): PersonalsController->renderInternal()
#8 C:\wamp\www\yii\framework\web\CController.php(784): PersonalsController->renderFile()
#9 C:\wamp\www\yii\miproyecto\protected\controllers\PersonalsController.php(128): PersonalsController->render()
#10 C:\wamp\www\yii\framework\web\actions\CInlineAction.php(49): PersonalsController->actionIndex()
#11 C:\wamp\www\yii\framework\web\CController.php(308): CInlineAction->runWithParams()
#12 C:\wamp\www\yii\framework\web\filters\CFilterChain.php(133): PersonalsController->runAction()
#13 C:\wamp\www\yii\framework\web\filters\CFilter.php(40): CFilterChain->run()
#14 C:\wamp\www\yii\framework\web\CController.php(1145): CAccessControlFilter->filter()
#15 C:\wamp\www\yii\framework\web\filters\CInlineFilter.php(58): PersonalsController->filterAccessControl()
#16 C:\wamp\www\yii\framework\web\filters\CFilterChain.php(130): CInlineFilter->filter()
#17 C:\wamp\www\yii\framework\web\CController.php(291): CFilterChain->run()
#18 C:\wamp\www\yii\framework\web\CController.php(265): PersonalsController->runActionWithFilters()
#19 C:\wamp\www\yii\framework\web\CWebApplication.php(282): PersonalsController->run()
#20 C:\wamp\www\yii\framework\web\CWebApplication.php(141): CWebApplication->runController()
#21 C:\wamp\www\yii\framework\base\CApplication.php(180): CWebApplication->processRequest()
#22 C:\wamp\www\yii\miproyecto\index.php(13): CWebApplication->run()
REQUEST_URI=/yii/miproyecto/personals/index.html
in C:\wamp\www\yii\miproyecto\themes\classic\views\layouts\main.php (12)
in C:\wamp\www\yii\miproyecto\protected\views\layouts\column2.php (22)
in C:\wamp\www\yii\miproyecto\protected\controllers\PersonalsController.php (128)
